Arguments: 
  /usr/local/bin/node /usr/local/bin/yarn add --dev tsnode nodemon

PATH: 
  /opt/homebrew/bin:/opt/homebrew/sbin:/usr/local/bin:/System/Cryptexes/App/usr/bin:/usr/bin:/bin:/usr/sbin:/sbin:/usr/local/go/bin:/Applications/Postgres.app/Contents/Versions/latest/bin:/Users/cyrille/miniconda3/bin:/Users/cyrille/miniconda3/condabin:/opt/homebrew/bin:/opt/homebrew/sbin

Yarn version: 
  1.22.19

Node version: 
  16.17.0

Platform: 
  darwin arm64

Trace: 
  Error: https://registry.yarnpkg.com/tsnode: Not found
      at Request.params.callback [as _callback] (/usr/local/lib/node_modules/yarn/lib/cli.js:66145:18)
      at Request.self.callback (/usr/local/lib/node_modules/yarn/lib/cli.js:140890:22)
      at Request.emit (node:events:513:28)
      at Request.<anonymous> (/usr/local/lib/node_modules/yarn/lib/cli.js:141862:10)
      at Request.emit (node:events:513:28)
      at IncomingMessage.<anonymous> (/usr/local/lib/node_modules/yarn/lib/cli.js:141784:12)
      at Object.onceWrapper (node:events:627:28)
      at IncomingMessage.emit (node:events:525:35)
      at endReadableNT (node:internal/streams/readable:1358:12)
      at processTicksAndRejections (node:internal/process/task_queues:83:21)

npm manifest: 
  {
    "name": "backend",
    "version": "1.0.0",
    "main": "src/index.ts",
    "license": "MIT",
    "devDependencies": {
      "@types/node": "^18.13.0",
      "typescript": "^4.9.5"
    }
  }

yarn manifest: 
  No manifest

Lockfile: 
  # THIS IS AN AUTOGENERATED FILE. DO NOT EDIT THIS FILE DIRECTLY.
  # yarn lockfile v1
  
  
  "@types/node@^18.13.0":
    version "18.13.0"
    resolved "https://registry.yarnpkg.com/@types/node/-/node-18.13.0.tgz#0400d1e6ce87e9d3032c19eb6c58205b0d3f7850"
    integrity sha512-gC3TazRzGoOnoKAhUx+Q0t8S9Tzs74z7m0ipwGpSqQrleP14hKxP4/JUeEQcD3W1/aIpnWl8pHowI7WokuZpXg==
  
  typescript@^4.9.5:
    version "4.9.5"
    resolved "https://registry.yarnpkg.com/typescript/-/typescript-4.9.5.tgz#095979f9bcc0d09da324d58d03ce8f8374cbe65a"
    integrity sha512-1FXk9E2Hm+QzZQ7z+McJiHL4NW1F2EzMu9Nq9i3zAaGqibafqYwCVU6WyWAuyQRRzOlxou8xZSyXLEN8oKj24g==
